<?xml version="1.0" encoding="UTF-8"?>
<testsuite xmlns:xsi="http://www.w3.org/2001/XMLSchema-instance" xsi:noNamespaceSchemaLocation="https://maven.apache.org/surefire/maven-surefire-plugin/xsd/surefire-test-report.xsd" name="com.github.vitalliuss.helloci.AppTest" time="0.017" tests="5" errors="0" skipped="1" failures="0">
  <properties>
    <property name="sun.desktop" value="windows"/>
    <property name="awt.toolkit" value="sun.awt.windows.WToolkit"/>
    <property name="file.encoding.pkg" value="sun.io"/>
    <property name="java.specification.version" value="1.8"/>
    <property name="sun.cpu.isalist" value="amd64"/>
    <property name="sun.jnu.encoding" value="Cp1251"/>
    <property name="java.class.path" value="f:\training\temp\Tasks\Maven_ICanWin\target\test-classes;f:\training\temp\Tasks\Maven_ICanWin\target\classes;C:\Users\panikq\.m2\repository\junit\junit\4.11\junit-4.11.jar;C:\Users\panikq\.m2\repository\org\hamcrest\hamcrest-core\1.3\hamcrest-core-1.3.jar;"/>
    <property name="java.vm.vendor" value="Oracle Corporation"/>
    <property name="sun.arch.data.model" value="64"/>
    <property name="user.variant" value=""/>
    <property name="java.vendor.url" value="http://java.oracle.com/"/>
    <property name="user.timezone" value="Europe/Moscow"/>
    <property name="java.vm.specification.version" value="1.8"/>
    <property name="os.name" value="Windows 10"/>
    <property name="user.country" value="RU"/>
    <property name="sun.java.launcher" value="SUN_STANDARD"/>
    <property name="sun.boot.library.path" value="F:\training\Java\jdk1.8.0_202\jre\bin"/>
    <property name="sun.java.command" value="C:\Users\panikq\AppData\Local\Temp\surefire8027553097497586770\surefirebooter2205210854467109684.jar C:\Users\panikq\AppData\Local\Temp\surefire8027553097497586770 2022-02-25T10-42-17_818-jvmRun1 surefire4669028197241912201tmp surefire_05641231907383038390tmp"/>
    <property name="surefire.test.class.path" value="f:\training\temp\Tasks\Maven_ICanWin\target\test-classes;f:\training\temp\Tasks\Maven_ICanWin\target\classes;C:\Users\panikq\.m2\repository\junit\junit\4.11\junit-4.11.jar;C:\Users\panikq\.m2\repository\org\hamcrest\hamcrest-core\1.3\hamcrest-core-1.3.jar;"/>
    <property name="sun.cpu.endian" value="little"/>
    <property name="user.home" value="C:\Users\panikq"/>
    <property name="user.language" value="ru"/>
    <property name="java.specification.vendor" value="Oracle Corporation"/>
    <property name="java.home" value="F:\training\Java\jdk1.8.0_202\jre"/>
    <property name="basedir" value="f:\training\temp\Tasks\Maven_ICanWin"/>
    <property name="file.separator" value="\"/>
    <property name="line.separator" value="&#10;"/>
    <property name="java.vm.specification.vendor" value="Oracle Corporation"/>
    <property name="java.specification.name" value="Java Platform API Specification"/>
    <property name="java.awt.graphicsenv" value="sun.awt.Win32GraphicsEnvironment"/>
    <property name="surefire.real.class.path" value="C:\Users\panikq\AppData\Local\Temp\surefire8027553097497586770\surefirebooter2205210854467109684.jar"/>
    <property name="sun.boot.class.path" value="F:\training\Java\jdk1.8.0_202\jre\lib\resources.jar;F:\training\Java\jdk1.8.0_202\jre\lib\rt.jar;F:\training\Java\jdk1.8.0_202\jre\lib\sunrsasign.jar;F:\training\Java\jdk1.8.0_202\jre\lib\jsse.jar;F:\training\Java\jdk1.8.0_202\jre\lib\jce.jar;F:\training\Java\jdk1.8.0_202\jre\lib\charsets.jar;F:\training\Java\jdk1.8.0_202\jre\lib\jfr.jar;F:\training\Java\jdk1.8.0_202\jre\classes"/>
    <property name="user.script" value=""/>
    <property name="sun.management.compiler" value="HotSpot 64-Bit Tiered Compilers"/>
    <property name="java.runtime.version" value="1.8.0_202-b08"/>
    <property name="user.name" value="panikq"/>
    <property name="path.separator" value=";"/>
    <property name="os.version" value="10.0"/>
    <property name="java.endorsed.dirs" value="F:\training\Java\jdk1.8.0_202\jre\lib\endorsed"/>
    <property name="java.runtime.name" value="Java(TM) SE Runtime Environment"/>
    <property name="file.encoding" value="Cp1251"/>
    <property name="java.vm.name" value="Java HotSpot(TM) 64-Bit Server VM"/>
    <property name="localRepository" value="C:\Users\panikq\.m2\repository"/>
    <property name="java.vendor.url.bug" value="http://bugreport.sun.com/bugreport/"/>
    <property name="java.io.tmpdir" value="C:\Users\panikq\AppData\Local\Temp\"/>
    <property name="java.version" value="1.8.0_202"/>
    <property name="user.dir" value="f:\training\temp\Tasks\Maven_ICanWin"/>
    <property name="os.arch" value="amd64"/>
    <property name="java.vm.specification.name" value="Java Virtual Machine Specification"/>
    <property name="java.awt.printerjob" value="sun.awt.windows.WPrinterJob"/>
    <property name="sun.os.patch.level" value=""/>
    <property name="java.library.path" value="F:\training\Java\jdk1.8.0_202\jre\bin;C:\Windows\Sun\Java\bin;C:\Windows\system32;C:\Windows;C:\Program Files (x86)\Common Files\Oracle\Java\javapath;C:\Windows\system32;C:\Windows;C:\Windows\System32\Wbem;C:\Windows\System32\WindowsPowerShell\v1.0\;C:\Windows\System32\OpenSSH\;C:\Program Files\NVIDIA Corporation\NVIDIA NvDLISR;C:\Program Files (x86)\NVIDIA Corporation\PhysX\Common;F:\training\Git\cmd;F:\training\apache-maven-3.8.2\bin;F:\training\Java\jdk1.8.0_202\bin;C:\Users\panikq\AppData\Local\Microsoft\WindowsApps;;."/>
    <property name="java.vm.info" value="mixed mode"/>
    <property name="java.vendor" value="Oracle Corporation"/>
    <property name="java.vm.version" value="25.202-b08"/>
    <property name="java.ext.dirs" value="F:\training\Java\jdk1.8.0_202\jre\lib\ext;C:\Windows\Sun\Java\lib\ext"/>
    <property name="sun.io.unicode.encoding" value="UnicodeLittle"/>
    <property name="java.class.version" value="52.0"/>
  </properties>
  <testcase name="testShouldBeFailed" classname="com.github.vitalliuss.helloci.AppTest" time="0.001"/>
  <testcase name="testShouldBePassed" classname="com.github.vitalliuss.helloci.AppTest" time="0"/>
  <testcase name="testAnotherMethod" classname="com.github.vitalliuss.helloci.AppTest" time="0.001"/>
  <testcase name="testAnotherClass" classname="com.github.vitalliuss.helloci.AppTest" time="0.002"/>
  <testcase name="testShouldBeSKipped" classname="com.github.vitalliuss.helloci.AppTest" time="0">
    <skipped message="Not implemented yet"/>
  </testcase>
</testsuite>